2018-08-04 14:50:31,440 - instagram_scraper.app - WARNING - Failed to get media details for Bind4BJBAO1
2018-08-04 14:50:33,664 - instagram_scraper.app - WARNING - Failed to get media details for Bind4OXBwQ9
2018-08-04 14:50:36,233 - instagram_scraper.app - WARNING - Failed to get media details for Blm10j9lC8w
2018-08-04 14:50:37,178 - instagram_scraper.app - WARNING - Failed to get media details for Blm10vylLTH
2018-08-04 14:50:38,418 - instagram_scraper.app - WARNING - Failed to get media details for Blm10rFl3Vd
2018-08-04 14:50:40,454 - instagram_scraper.app - WARNING - Failed to get media details for BmCuny-BS-9
2018-08-04 14:50:41,869 - instagram_scraper.app - WARNING - Failed to get media details for BmCunzwBGwH
2018-08-04 14:50:43,068 - instagram_scraper.app - WARNING - Failed to get media details for BmCun1Zhnzg
2018-08-04 14:50:44,398 - instagram_scraper.app - WARNING - Failed to get media details for BmCun3dBz-F
2018-08-04 14:50:46,048 - instagram_scraper.app - WARNING - Failed to get media details for BmCuoAxBHLn
2018-08-04 14:50:47,182 - instagram_scraper.app - WARNING - Failed to get media details for BmCuoBrBjwD
2018-08-04 14:50:48,621 - instagram_scraper.app - WARNING - Failed to get media details for BmCuoKOBWv2
2018-08-04 14:50:49,740 - instagram_scraper.app - WARNING - Failed to get media details for BmCuoNzB943
2018-08-04 14:50:51,885 - instagram_scraper.app - WARNING - Failed to get media details for BmCuoNtB-qk
2018-08-04 14:51:02,109 - instagram_scraper.app - WARNING - Failed to get media details for Bl-h8zdHv2u
2018-08-04 14:51:03,570 - instagram_scraper.app - WARNING - Failed to get media details for Bl-h8yGHdKZ
2018-08-04 14:51:04,724 - instagram_scraper.app - WARNING - Failed to get media details for Bl-h88tnzpO
2018-08-04 14:51:06,733 - instagram_scraper.app - WARNING - Failed to get media details for Bl-Z00vlBbf
2018-08-04 14:51:08,137 - instagram_scraper.app - WARNING - Failed to get media details for Bl-Z1L6lzWR
2018-08-04 14:51:12,787 - instagram_scraper.app - WARNING - Failed to get media details for Bl9tMvRlWV-
2018-08-04 14:51:14,302 - instagram_scraper.app - WARNING - Failed to get media details for Bl9tMx6Fot4
2018-08-04 14:51:16,715 - instagram_scraper.app - WARNING - Failed to get media details for Bl9qn2SF3gR
2018-08-04 14:51:18,047 - instagram_scraper.app - WARNING - Failed to get media details for Bl9qo2bFsiK
2018-08-04 14:51:20,470 - instagram_scraper.app - WARNING - Failed to get media details for Bl9qn2jlkHE
2018-08-04 14:51:21,991 - instagram_scraper.app - WARNING - Failed to get media details for Bl9qn4cF30m
2018-08-04 14:51:23,709 - instagram_scraper.app - WARNING - Failed to get media details for Bl9qpEdFegX
2018-08-04 14:51:25,400 - instagram_scraper.app - WARNING - Failed to get media details for Bl9RezdjaOq
2018-08-04 14:51:26,709 - instagram_scraper.app - WARNING - Failed to get media details for Bl9Re2SDotA
2018-08-04 14:51:27,691 - instagram_scraper.app - WARNING - Failed to get media details for Bl9RfBFjHUA
2018-08-04 14:51:30,914 - instagram_scraper.app - WARNING - Failed to get media details for Bl8NAZaFwe1
2018-08-04 14:51:32,713 - instagram_scraper.app - WARNING - Failed to get media details for Bl8NAZelL7I
2018-08-04 14:51:46,905 - instagram_scraper.app - WARNING - Failed to get media details for Bl19KjghXU2
2018-08-04 14:51:48,645 - instagram_scraper.app - WARNING - Failed to get media details for Bl19KvuB0BF
2018-08-04 14:51:52,316 - instagram_scraper.app - WARNING - Failed to get media details for Bl0YGV4HStn
2018-08-04 14:51:54,164 - instagram_scraper.app - WARNING - Failed to get media details for Bl0YGWGnJKW
2018-08-04 14:51:55,703 - instagram_scraper.app - WARNING - Failed to get media details for Bl0YGU2Hji8
2018-08-04 14:52:06,209 - instagram_scraper.app - WARNING - Retry after exception PartialContentException('Partial response',) on https://www.instagram.com/p/Bly6DrPhNau/?__a=1
2018-08-04 14:52:13,742 - instagram_scraper.app - WARNING - Failed to get media details for Bly5pKZljkh
2018-08-04 14:52:14,960 - instagram_scraper.app - WARNING - Failed to get media details for Bly5qfDFhlF
